 
****************************************
Report : timing
        -path full
        -delay max
        -max_paths 1
Design : vcve2_top
Version: R-2020.09-SP2
Date   : Wed Jan 29 11:21:52 2025
****************************************

 # A fanout number of 1000 was used for high fanout net computations.

Operating Conditions: BCCOM   Library: tcbn65lpbc
Wire Load Model Mode: segmented

  Startpoint: u_cve2_core/if_stage_i/instr_rdata_id_o_reg[12]
              (rising edge-triggered flip-flop clocked by INPUT_CLK)
  Endpoint: u_cve2_core/cs_registers_i/minstret_counter_i/counter_q_reg[41]
            (rising edge-triggered flip-flop clocked by INPUT_CLK)
  Path Group: INPUT_CLK
  Path Type: max

  Des/Clust/Port     Wire Load Model       Library
  ------------------------------------------------
  SNPS_CLOCK_GATE_HIGH_vcve2_if_stage_1a110800_1a110808 ZeroWireload tcbn65lpbc
  vcve2_if_stage_1a110800_1a110808 ZeroWireload tcbn65lpbc
  vcve2_controller   ZeroWireload          tcbn65lpbc
  vcve2_decoder_0_3_0 ZeroWireload         tcbn65lpbc
  vcve2_id_stage_0_3_0 ZeroWireload        tcbn65lpbc
  vcve2_core_0_00000000_00000004_00000000_00000028_0_3_0_1_00000001_1a110800_1a110808 ZeroWireload tcbn65lpbc
  vcve2_vrf_interface_VLEN128_PIPE_WIDTH32 ZeroWireload tcbn65lpbc
  vcve2_agu_AddrWidth32 ZeroWireload       tcbn65lpbc
  vcve2_dmem_switch  ZeroWireload          tcbn65lpbc
  vcve2_ex_block_RV32M3_RV32B0 ZeroWireload tcbn65lpbc
  vcve2_multdiv_fast_RV32M3 ZeroWireload   tcbn65lpbc
  vcve2_alu_RV32B0   ZeroWireload          tcbn65lpbc
  vcve2_fracturable_adder_PIPE_WIDTH32 ZeroWireload tcbn65lpbc
  vcve2_cs_registers_1_00000001_00000000_00000028_0_00000000_00000004_0_3_0 ZeroWireload tcbn65lpbc
  vcve2_counter_CounterWidth64_ProvideValUpd1 ZeroWireload tcbn65lpbc

  Point                                                   Incr       Path
  --------------------------------------------------------------------------
  clock INPUT_CLK (rise edge)                             0.00       0.00
  clock network delay (ideal)                             0.00       0.00
  u_cve2_core/if_stage_i/instr_rdata_id_o_reg[12]/CP (DFCNQD4)     0.00     0.00 r
  u_cve2_core/if_stage_i/instr_rdata_id_o_reg[12]/Q (DFCNQD4)     0.11     0.11 r
  u_cve2_core/if_stage_i/instr_rdata_id_o[12] (vcve2_if_stage_1a110800_1a110808)     0.00     0.11 r
  u_cve2_core/id_stage_i/instr_rdata_i[12] (vcve2_id_stage_0_3_0)     0.00     0.11 r
  u_cve2_core/id_stage_i/decoder_i/instr_rdata_i[12] (vcve2_decoder_0_3_0)     0.00     0.11 r
  u_cve2_core/id_stage_i/decoder_i/U511/ZN (CKND2D4)      0.02       0.13 f
  u_cve2_core/id_stage_i/decoder_i/U378/ZN (ND2D2)        0.01       0.14 r
  u_cve2_core/id_stage_i/decoder_i/U330/ZN (CKND2D3)      0.01       0.15 f
  u_cve2_core/id_stage_i/decoder_i/U373/ZN (NR2D4)        0.02       0.18 r
  u_cve2_core/id_stage_i/decoder_i/U491/ZN (CKND2D8)      0.02       0.20 f
  u_cve2_core/id_stage_i/decoder_i/U504/ZN (CKND4)        0.01       0.21 r
  u_cve2_core/id_stage_i/decoder_i/U377/ZN (ND2D4)        0.02       0.23 f
  u_cve2_core/id_stage_i/decoder_i/U329/ZN (INVD6)        0.01       0.24 r
  u_cve2_core/id_stage_i/decoder_i/is_slide_up_o (vcve2_decoder_0_3_0)     0.00     0.24 r
  u_cve2_core/id_stage_i/is_slide_up_o (vcve2_id_stage_0_3_0)     0.00     0.24 r
  u_cve2_core/vcve2_vrf_interface_inst/is_slide_up_i (vcve2_vrf_interface_VLEN128_PIPE_WIDTH32)     0.00     0.24 r
  u_cve2_core/vcve2_vrf_interface_inst/U234/ZN (OAI22D4)     0.02     0.26 f
  u_cve2_core/vcve2_vrf_interface_inst/U227/ZN (ND2D2)     0.01      0.28 r
  u_cve2_core/vcve2_vrf_interface_inst/U250/ZN (ND2D2)     0.02      0.30 f
  u_cve2_core/vcve2_vrf_interface_inst/U50/ZN (NR2D4)     0.02       0.31 r
  u_cve2_core/vcve2_vrf_interface_inst/U238/ZN (INVD2)     0.01      0.33 f
  u_cve2_core/vcve2_vrf_interface_inst/U35/ZN (ND3D4)     0.02       0.34 r
  u_cve2_core/vcve2_vrf_interface_inst/U34/ZN (ND2D8)     0.02       0.36 f
  u_cve2_core/vcve2_vrf_interface_inst/agu_get_rs1_o (vcve2_vrf_interface_VLEN128_PIPE_WIDTH32)     0.00     0.36 f
  u_cve2_core/agu_inst/get_rs1_i (vcve2_agu_AddrWidth32)     0.00     0.36 f
  u_cve2_core/agu_inst/U33/ZN (INR2XD2)                   0.02       0.39 r
  u_cve2_core/agu_inst/U31/ZN (CKND3)                     0.01       0.40 f
  u_cve2_core/agu_inst/U25/ZN (NR2D3)                     0.02       0.42 r
  u_cve2_core/agu_inst/U24/ZN (NR2XD1)                    0.01       0.43 f
  u_cve2_core/agu_inst/U64/ZN (OAI21D2)                   0.02       0.45 r
  u_cve2_core/agu_inst/addr_o[2] (vcve2_agu_AddrWidth32)     0.00     0.45 r
  u_cve2_core/id_stage_i/slide_base_addr_i[2] (vcve2_id_stage_0_3_0)     0.00     0.45 r
  u_cve2_core/id_stage_i/U1404/ZN (OAI22D2)               0.02       0.47 f
  u_cve2_core/id_stage_i/U1201/ZN (ND2D2)                 0.01       0.48 r
  u_cve2_core/id_stage_i/multdiv_operand_b_ex_o[2] (vcve2_id_stage_0_3_0)     0.00     0.48 r
  u_cve2_core/ex_block_i/multdiv_operand_b_i[2] (vcve2_ex_block_RV32M3_RV32B0)     0.00     0.48 r
  u_cve2_core/ex_block_i/U205/ZN (ND2D2)                  0.01       0.50 f
  u_cve2_core/ex_block_i/U41/ZN (ND2D3)                   0.02       0.52 r
  u_cve2_core/ex_block_i/gen_multdiv_fast.multdiv_i/op_b_i[2] (vcve2_multdiv_fast_RV32M3)     0.00     0.52 r
  u_cve2_core/ex_block_i/gen_multdiv_fast.multdiv_i/U2964/ZN (ND2D4)     0.02     0.53 f
  u_cve2_core/ex_block_i/gen_multdiv_fast.multdiv_i/U2379/ZN (XNR2D4)     0.05     0.58 f
  u_cve2_core/ex_block_i/gen_multdiv_fast.multdiv_i/U2924/ZN (OAI22D2)     0.03     0.61 r
  u_cve2_core/ex_block_i/gen_multdiv_fast.multdiv_i/U2737/ZN (XNR3D4)     0.10     0.71 f
  u_cve2_core/ex_block_i/gen_multdiv_fast.multdiv_i/U2286/ZN (ND2D2)     0.01     0.73 r
  u_cve2_core/ex_block_i/gen_multdiv_fast.multdiv_i/U2275/ZN (CKND2D2)     0.01     0.74 f
  u_cve2_core/ex_block_i/gen_multdiv_fast.multdiv_i/U2274/ZN (XNR3D4)     0.10     0.84 r
  u_cve2_core/ex_block_i/gen_multdiv_fast.multdiv_i/U2285/ZN (XNR3D4)     0.06     0.89 f
  u_cve2_core/ex_block_i/gen_multdiv_fast.multdiv_i/U2610/ZN (INR2D4)     0.03     0.92 r
  u_cve2_core/ex_block_i/gen_multdiv_fast.multdiv_i/U695/ZN (OAI21D4)     0.02     0.94 f
  u_cve2_core/ex_block_i/gen_multdiv_fast.multdiv_i/U694/ZN (AOI21D4)     0.03     0.97 r
  u_cve2_core/ex_block_i/gen_multdiv_fast.multdiv_i/U2607/ZN (OAI21D4)     0.03     0.99 f
  u_cve2_core/ex_block_i/gen_multdiv_fast.multdiv_i/U866/ZN (INR2D1)     0.03     1.03 f
  u_cve2_core/ex_block_i/gen_multdiv_fast.multdiv_i/U2550/ZN (CKND2D1)     0.03     1.06 r
  u_cve2_core/ex_block_i/gen_multdiv_fast.multdiv_i/U2592/ZN (AOI31D2)     0.03     1.09 f
  u_cve2_core/ex_block_i/gen_multdiv_fast.multdiv_i/U2960/ZN (CKND2)     0.02     1.11 r
  u_cve2_core/ex_block_i/gen_multdiv_fast.multdiv_i/U110/ZN (CKND2D1)     0.02     1.12 f
  u_cve2_core/ex_block_i/gen_multdiv_fast.multdiv_i/U3712/ZN (XNR2D1)     0.06     1.18 r
  u_cve2_core/ex_block_i/gen_multdiv_fast.multdiv_i/U3710/ZN (ND2D2)     0.02     1.19 f
  u_cve2_core/ex_block_i/gen_multdiv_fast.multdiv_i/U622/ZN (ND2D2)     0.01     1.21 r
  u_cve2_core/ex_block_i/gen_multdiv_fast.multdiv_i/multdiv_result_o[3] (vcve2_multdiv_fast_RV32M3)     0.00     1.21 r
  u_cve2_core/ex_block_i/U229/ZN (ND2D2)                  0.01       1.22 f
  u_cve2_core/ex_block_i/U202/ZN (CKND2D4)                0.02       1.24 r
  u_cve2_core/ex_block_i/alu_i/operand_b_i[3] (vcve2_alu_RV32B0)     0.00     1.24 r
  u_cve2_core/ex_block_i/alu_i/U37/ZN (AOI21D2)           0.02       1.26 f
  u_cve2_core/ex_block_i/alu_i/U499/ZN (ND2D2)            0.02       1.28 r
  u_cve2_core/ex_block_i/alu_i/adder_inst/operand_b_i[4] (vcve2_fracturable_adder_PIPE_WIDTH32)     0.00     1.28 r
  u_cve2_core/ex_block_i/alu_i/adder_inst/U66/ZN (ND2D3)     0.02     1.29 f
  u_cve2_core/ex_block_i/alu_i/adder_inst/U186/ZN (AOI31D4)     0.02     1.31 r
  u_cve2_core/ex_block_i/alu_i/adder_inst/U69/ZN (ND2D2)     0.02     1.33 f
  u_cve2_core/ex_block_i/alu_i/adder_inst/U190/ZN (ND2D2)     0.01     1.34 r
  u_cve2_core/ex_block_i/alu_i/adder_inst/U61/ZN (ND2D2)     0.01     1.36 f
  u_cve2_core/ex_block_i/alu_i/adder_inst/U193/ZN (ND2D2)     0.01     1.37 r
  u_cve2_core/ex_block_i/alu_i/adder_inst/U60/ZN (ND2D2)     0.01     1.38 f
  u_cve2_core/ex_block_i/alu_i/adder_inst/U59/ZN (ND2D2)     0.01     1.40 r
  u_cve2_core/ex_block_i/alu_i/adder_inst/U67/ZN (ND2D2)     0.01     1.41 f
  u_cve2_core/ex_block_i/alu_i/adder_inst/U204/ZN (ND2D2)     0.02     1.42 r
  u_cve2_core/ex_block_i/alu_i/adder_inst/U202/ZN (AOI21D2)     0.02     1.44 f
  u_cve2_core/ex_block_i/alu_i/adder_inst/U199/ZN (OAI22D2)     0.02     1.46 r
  u_cve2_core/ex_block_i/alu_i/adder_inst/U68/ZN (ND2D2)     0.02     1.48 f
  u_cve2_core/ex_block_i/alu_i/adder_inst/U231/ZN (ND2D4)     0.02     1.51 r
  u_cve2_core/ex_block_i/alu_i/adder_inst/U299/ZN (AOI21D1)     0.02     1.53 f
  u_cve2_core/ex_block_i/alu_i/adder_inst/U304/ZN (XNR2D1)     0.05     1.58 r
  u_cve2_core/ex_block_i/alu_i/adder_inst/U180/ZN (INVD2)     0.01     1.59 f
  u_cve2_core/ex_block_i/alu_i/adder_inst/result_o[19] (vcve2_fracturable_adder_PIPE_WIDTH32)     0.00     1.59 f
  u_cve2_core/ex_block_i/alu_i/U486/ZN (NR2XD1)           0.02       1.61 r
  u_cve2_core/ex_block_i/alu_i/U67/ZN (CKND2D2)           0.01       1.62 f
  u_cve2_core/ex_block_i/alu_i/U629/ZN (NR2XD1)           0.02       1.64 r
  u_cve2_core/ex_block_i/alu_i/U65/ZN (ND3D2)             0.02       1.66 f
  u_cve2_core/ex_block_i/alu_i/U620/ZN (NR3D2)            0.02       1.69 r
  u_cve2_core/ex_block_i/alu_i/U58/ZN (NR2D1)             0.01       1.70 f
  u_cve2_core/ex_block_i/alu_i/U625/ZN (NR2XD1)           0.02       1.72 r
  u_cve2_core/ex_block_i/alu_i/U102/ZN (ND3D3)            0.02       1.74 f
  u_cve2_core/ex_block_i/alu_i/comparison_result_o (vcve2_alu_RV32B0)     0.00     1.74 f
  u_cve2_core/ex_block_i/branch_decision_o (vcve2_ex_block_RV32M3_RV32B0)     0.00     1.74 f
  u_cve2_core/id_stage_i/branch_decision_i (vcve2_id_stage_0_3_0)     0.00     1.74 f
  u_cve2_core/id_stage_i/U1331/ZN (ND2D4)                 0.02       1.76 r
  u_cve2_core/id_stage_i/U1327/ZN (ND2D4)                 0.02       1.78 f
  u_cve2_core/id_stage_i/U1723/ZN (INVD8)                 0.02       1.80 r
  u_cve2_core/id_stage_i/csr_op_en_o (vcve2_id_stage_0_3_0)     0.00     1.80 r
  u_cve2_core/cs_registers_i/csr_op_en_i (vcve2_cs_registers_1_00000001_00000000_00000028_0_00000000_00000004_0_3_0)     0.00     1.80 r
  u_cve2_core/cs_registers_i/U286/ZN (CKND2D4)            0.02       1.82 f
  u_cve2_core/cs_registers_i/U285/ZN (INVD6)              0.02       1.83 r
  u_cve2_core/cs_registers_i/minstret_counter_i/counterh_we_i (vcve2_counter_CounterWidth64_ProvideValUpd1)     0.00     1.83 r
  u_cve2_core/cs_registers_i/minstret_counter_i/U98/ZN (INVD6)     0.01     1.85 f
  u_cve2_core/cs_registers_i/minstret_counter_i/U39/ZN (ND2D8)     0.02     1.87 r
  u_cve2_core/cs_registers_i/minstret_counter_i/U114/ZN (CKND2D1)     0.02     1.88 f
  u_cve2_core/cs_registers_i/minstret_counter_i/U464/ZN (OAI21D1)     0.02     1.91 r
  u_cve2_core/cs_registers_i/minstret_counter_i/counter_q_reg[41]/D (DFCNQD1)     0.00     1.91 r
  data arrival time                                                  1.91

  clock INPUT_CLK (rise edge)                             0.00       0.00
  clock network delay (ideal)                             0.00       0.00
  u_cve2_core/cs_registers_i/minstret_counter_i/counter_q_reg[41]/CP (DFCNQD1)     0.00     0.00 r
  library setup time                                     -0.02      -0.02
  data required time                                                -0.02
  --------------------------------------------------------------------------
  data required time                                                -0.02
  data arrival time                                                 -1.91
  --------------------------------------------------------------------------
  slack (VIOLATED)                                                  -1.93


1
